Start testing: May 02 19:00 Pacific Daylight Time
----------------------------------------------------------
1/1 Testing: HelloTest.BasicAssertions
1/1 Test: HelloTest.BasicAssertions
Command: "C:/Users/kelby/OneDrive/Desktop/CSE 403/GamesInOne/src/backend/build/Debug/hello_test.exe" "--gtest_filter=HelloTest.BasicAssertions" "--gtest_also_run_disabled_tests"
Directory: C:/Users/kelby/OneDrive/Desktop/CSE 403/GamesInOne/src/backend/build
"HelloTest.BasicAssertions" start time: May 02 19:00 Pacific Daylight Time
Output:
----------------------------------------------------------
Running main() from C:\Users\kelby\OneDrive\Desktop\CSE 403\GamesInOne\src\backend\build\_deps\googletest-src\googletest\src\gtest_main.cc
Note: Google Test filter = HelloTest.BasicAssertions
[==========] Running 1 test from 1 test suite.
[----------] Global test environment set-up.
[----------] 1 test from HelloTest
[ RUN      ] HelloTest.BasicAssertions
[       OK ] HelloTest.BasicAssertions (0 ms)
[----------] 1 test from HelloTest (0 ms total)

[----------] Global test environment tear-down
[==========] 1 test from 1 test suite ran. (0 ms total)
[  PASSED  ] 1 test.
<end of output>
Test time =   0.01 sec
----------------------------------------------------------
Test Passed.
"HelloTest.BasicAssertions" end time: May 02 19:00 Pacific Daylight Time
"HelloTest.BasicAssertions" time elapsed: 00:00:00
----------------------------------------------------------

End testing: May 02 19:00 Pacific Daylight Time
